Build started 6/9/2011 8:44:11 PM.
     1>Project "C:\Users\Chris Gerth\Documents\Visual Studio 2010\Projects\Quadrocopter\Quadrocopter\Quadrocopter.vcxproj" on node 2 (build target(s)).
     1>InitializeBuildStatus:
         Creating "Debug\Quadrocopter.unsuccessfulbuild" because "AlwaysCreate" was specified.
       GenerateTargetFrameworkMonikerAttribute:
       Skipping target "GenerateTargetFrameworkMonikerAttribute" because all output files are up-to-date with respect to the input files.
       ClCompile:
         All outputs are up-to-date.
         C:\Program Files (x86)\Microsoft Visual Studio 10.0\VC\bin\CL.exe /c /AI"C:\Program Files (x86)\Reference Assemblies\Microsoft\Framework\.NETFramework\v4.0" /Zi /clr:pure /nologo /W3 /WX- /Od /Oy- /D WIN32 /D _DEBUG /D _UNICODE /D UNICODE /EHa /MDd /GS /fp:precise /Zc:wchar_t /Zc:forScope /Yu"StdAfx.h" /Fp"Debug\Quadrocopter.pch" /Fo"Debug\\" /Fd"Debug\vc100.pdb" /TP /FU"C:\Program Files (x86)\Reference Assemblies\Microsoft\Framework\.NETFramework\v4.0\System.Core.dll" /FU"C:\Program Files (x86)\Reference Assemblies\Microsoft\Framework\.NETFramework\v4.0\System.Data.dll" /FU"C:\Program Files (x86)\Reference Assemblies\Microsoft\Framework\.NETFramework\v4.0\System.dll" /FU"C:\Program Files (x86)\Reference Assemblies\Microsoft\Framework\.NETFramework\v4.0\System.Drawing.dll" /FU"C:\Program Files (x86)\Reference Assemblies\Microsoft\Framework\.NETFramework\v4.0\System.Windows.Forms.dll" /FU"C:\Program Files (x86)\Reference Assemblies\Microsoft\Framework\.NETFramework\v4.0\System.Xml.dll" /analyze- /errorReport:prompt Functions.cpp ManFlight.cpp Quadrocopter.cpp TestFunctions.cpp mainFunc.cpp /clr:nostdlib 
         Functions.cpp
     1>Functions.cpp(10): warning C4244: '=' : conversion from 'float' to 'clock_t', possible loss of data
     1>Functions.cpp(86): warning C4244: '=' : conversion from 'float' to 'int', possible loss of data
     1>Functions.cpp(88): warning C4244: '=' : conversion from 'float' to 'int', possible loss of data
     1>Functions.cpp(90): warning C4244: '=' : conversion from 'float' to 'int', possible loss of data
     1>Functions.cpp(92): warning C4244: '=' : conversion from 'float' to 'int', possible loss of data
     1>Functions.cpp(110): warning C4305: 'argument' : truncation from 'double' to 'float'
     1>Functions.cpp(113): warning C4305: 'argument' : truncation from 'double' to 'float'
     1>Functions.cpp(116): warning C4305: 'argument' : truncation from 'double' to 'float'
     1>Functions.cpp(151): warning C4305: 'argument' : truncation from 'double' to 'float'
     1>Functions.cpp(144): warning C4101: 'i' : unreferenced local variable
     1>Functions.cpp(256): warning C4305: 'argument' : truncation from 'double' to 'float'
     1>Functions.cpp(372): warning C4996: 'scanf': This function or variable may be unsafe. Consider using scanf_s instead. To disable deprecation, use _CRT_SECURE_NO_WARNINGS. See online help for details.
                 C:\Program Files (x86)\Microsoft Visual Studio 10.0\VC\include\stdio.h(304) : see declaration of 'scanf'
     1>Functions.cpp(399): warning C4305: 'argument' : truncation from 'double' to 'float'
     1>Functions.cpp(425): warning C4996: 'ctime': This function or variable may be unsafe. Consider using ctime_s instead. To disable deprecation, use _CRT_SECURE_NO_WARNINGS. See online help for details.
                 C:\Program Files (x86)\Microsoft Visual Studio 10.0\VC\include\time.inl(86) : see declaration of 'ctime'
     1>Functions.cpp(428): warning C4996: 'localtime': This function or variable may be unsafe. Consider using localtime_s instead. To disable deprecation, use _CRT_SECURE_NO_WARNINGS. See online help for details.
                 C:\Program Files (x86)\Microsoft Visual Studio 10.0\VC\include\time.inl(112) : see declaration of 'localtime'
     1>Functions.cpp(434): warning C4996: 'fopen': This function or variable may be unsafe. Consider using fopen_s instead. To disable deprecation, use _CRT_SECURE_NO_WARNINGS. See online help for details.
                 C:\Program Files (x86)\Microsoft Visual Studio 10.0\VC\include\stdio.h(234) : see declaration of 'fopen'
     1>Functions.cpp(495): warning C4305: 'argument' : truncation from 'double' to 'float'
         ManFlight.cpp
     1>ManFlight.cpp(45): warning C4996: 'scanf': This function or variable may be unsafe. Consider using scanf_s instead. To disable deprecation, use _CRT_SECURE_NO_WARNINGS. See online help for details.
                 C:\Program Files (x86)\Microsoft Visual Studio 10.0\VC\include\stdio.h(304) : see declaration of 'scanf'
     1>ManFlight.cpp(110): warning C4305: 'argument' : truncation from 'double' to 'float'
     1>ManFlight.cpp(117): warning C4305: 'argument' : truncation from 'double' to 'float'
         Quadrocopter.cpp
     1>c:\users\chris gerth\documents\visual studio 2010\projects\quadrocopter\quadrocopter\Form1.h(1700): warning C4996: 'freopen': This function or variable may be unsafe. Consider using freopen_s instead. To disable deprecation, use _CRT_SECURE_NO_WARNINGS. See online help for details.
                 C:\Program Files (x86)\Microsoft Visual Studio 10.0\VC\include\stdio.h(249) : see declaration of 'freopen'
         TestFunctions.cpp
     1>TestFunctions.cpp(8): warning C4101: 'joystickin' : unreferenced local variable
     1>TestFunctions.cpp(44): warning C4996: 'scanf': This function or variable may be unsafe. Consider using scanf_s instead. To disable deprecation, use _CRT_SECURE_NO_WARNINGS. See online help for details.
                 C:\Program Files (x86)\Microsoft Visual Studio 10.0\VC\include\stdio.h(304) : see declaration of 'scanf'
     1>TestFunctions.cpp(36): warning C4101: 'joystickin' : unreferenced local variable
     1>TestFunctions.cpp(57): warning C4101: 'joystickin' : unreferenced local variable
     1>TestFunctions.cpp(75): warning C4101: 'copter' : unreferenced local variable
         mainFunc.cpp
     1>mainFunc.cpp(12): warning C4101: 'i' : unreferenced local variable
     1>mainFunc.cpp(11): warning C4101: 'joystickin' : unreferenced local variable
     1>mainFunc.cpp(10): warning C4101: 'copter' : unreferenced local variable
         Generating Code...
     1>c:\users\chris gerth\documents\visual studio 2010\projects\quadrocopter\quadrocopter\manflight.cpp(105): warning C4700: uninitialized local variable 'exitflag' used
         All outputs are up-to-date.
       CoreResGen:
         All outputs are up-to-date.
       ResourceCompile:
         All outputs are up-to-date.
       Link:
         C:\Program Files (x86)\Microsoft Visual Studio 10.0\VC\bin\link.exe /ERRORREPORT:PROMPT /OUT:"C:\Users\Chris Gerth\Documents\Visual Studio 2010\Projects\Quadrocopter\Debug\Quadrocopter.exe" /INCREMENTAL /NOLOGO /ASSEMBLYRESOURCE:Debug\Quadrocopter.Form1.resources /MANIFEST /ManifestFile:"Debug\Quadrocopter.exe.intermediate.manifest" /MANIFESTUAC:"level='asInvoker' uiAccess='false'" /DEBUG /PDB:"C:\Users\Chris Gerth\Documents\Visual Studio 2010\Projects\Quadrocopter\Debug\Quadrocopter.pdb" /ASSEMBLYDEBUG /SUBSYSTEM:WINDOWS /TLBID:1 /ENTRY:"main" /DYNAMICBASE /FIXED:NO /NXCOMPAT /MACHINE:X86 Debug\app.res
         Debug\AssemblyInfo.obj
         Debug\Functions.obj
         Debug\mainFunc.obj
         Debug\ManFlight.obj
         Debug\Quadrocopter.obj
         Debug\rs232.obj
         Debug\stdafx.obj
         Debug\TestFunctions.obj
         "Debug\.NETFramework,Version=v4.0.AssemblyAttributes.obj"
         Quadrocopter.vcxproj -> C:\Users\Chris Gerth\Documents\Visual Studio 2010\Projects\Quadrocopter\Debug\Quadrocopter.exe
       Manifest:
         C:\Program Files (x86)\Microsoft SDKs\Windows\v7.0A\bin\mt.exe /nologo /verbose /outputresource:"C:\Users\Chris Gerth\Documents\Visual Studio 2010\Projects\Quadrocopter\Debug\Quadrocopter.exe;#1" /manifest Debug\Quadrocopter.exe.intermediate.manifest
       FinalizeBuildStatus:
         Deleting file "Debug\Quadrocopter.unsuccessfulbuild".
         Touching "Debug\Quadrocopter.lastbuildstate".
     1>Done Building Project "C:\Users\Chris Gerth\Documents\Visual Studio 2010\Projects\Quadrocopter\Quadrocopter\Quadrocopter.vcxproj" (build target(s)).

Build succeeded.

Time Elapsed 00:00:10.22
