Build started 9/5/2011 1:50:14 PM.
     1>Project "C:\Users\Chris Gerth\Documents\iRobotics Quadcopter SVN\Quadrocopter\Quadrocopter\Quadrocopter.vcxproj" on node 2 (build target(s)).
     1>InitializeBuildStatus:
         Touching "x64\Release\Quadrocopter.unsuccessfulbuild".
       GenerateTargetFrameworkMonikerAttribute:
       Skipping target "GenerateTargetFrameworkMonikerAttribute" because all output files are up-to-date with respect to the input files.
       ClCompile:
         c:\Program Files (x86)\Microsoft Visual Studio 10.0\VC\bin\x86_amd64\CL.exe /c /AI"C:\Program Files (x86)\Reference Assemblies\Microsoft\Framework\.NETFramework\v4.0" /Zi /clr /nologo /W3 /WX- /MP /O2 /Ot /D WIN32 /D NDEBUG /D _UNICODE /D UNICODE /EHa /MD /GS /fp:fast /Zc:wchar_t /Zc:forScope /Yc"StdAfx.h" /Fp"x64\Release\Quadrocopter.pch" /Fo"x64\Release\\" /Fd"x64\Release\vc100.pdb" /TP /FU"C:\Program Files (x86)\Reference Assemblies\Microsoft\Framework\.NETFramework\v4.0\System.Core.dll" /FU"C:\Program Files (x86)\Reference Assemblies\Microsoft\Framework\.NETFramework\v4.0\System.Data.dll" /FU"C:\Program Files (x86)\Reference Assemblies\Microsoft\Framework\.NETFramework\v4.0\System.dll" /FU"C:\Program Files (x86)\Reference Assemblies\Microsoft\Framework\.NETFramework\v4.0\System.Drawing.dll" /FU"C:\Program Files (x86)\Reference Assemblies\Microsoft\Framework\.NETFramework\v4.0\System.Windows.Forms.dll" /FU"C:\Program Files (x86)\Reference Assemblies\Microsoft\Framework\.NETFramework\v4.0\System.Xml.dll" /errorReport:prompt stdafx.cpp /clr:nostdlib 
         stdafx.cpp
         c:\Program Files (x86)\Microsoft Visual Studio 10.0\VC\bin\x86_amd64\CL.exe /c /AI"C:\Program Files (x86)\Reference Assemblies\Microsoft\Framework\.NETFramework\v4.0" /Zi /clr /nologo /W3 /WX- /MP /O2 /Ot /D WIN32 /D NDEBUG /D _UNICODE /D UNICODE /EHa /MD /GS /fp:fast /Zc:wchar_t /Zc:forScope /Yu"StdAfx.h" /Fp"x64\Release\Quadrocopter.pch" /Fo"x64\Release\\" /Fd"x64\Release\vc100.pdb" /TP /FU"C:\Program Files (x86)\Reference Assemblies\Microsoft\Framework\.NETFramework\v4.0\System.Core.dll" /FU"C:\Program Files (x86)\Reference Assemblies\Microsoft\Framework\.NETFramework\v4.0\System.Data.dll" /FU"C:\Program Files (x86)\Reference Assemblies\Microsoft\Framework\.NETFramework\v4.0\System.dll" /FU"C:\Program Files (x86)\Reference Assemblies\Microsoft\Framework\.NETFramework\v4.0\System.Drawing.dll" /FU"C:\Program Files (x86)\Reference Assemblies\Microsoft\Framework\.NETFramework\v4.0\System.Windows.Forms.dll" /FU"C:\Program Files (x86)\Reference Assemblies\Microsoft\Framework\.NETFramework\v4.0\System.Xml.dll" /errorReport:prompt AssemblyInfo.cpp Functions.cpp mainFunc.cpp ManFlight.cpp PIDFlight.cpp Quadrocopter.cpp rs232.cpp TestFunctions.cpp /clr:nostdlib 
         AssemblyInfo.cpp
         Functions.cpp
         mainFunc.cpp
         ManFlight.cpp
         PIDFlight.cpp
     1>Functions.cpp(11): warning C4244: '=' : conversion from 'float' to 'clock_t', possible loss of data
     1>Functions.cpp(99): warning C4244: '=' : conversion from 'float' to 'int', possible loss of data
     1>Functions.cpp(101): warning C4244: '=' : conversion from 'float' to 'int', possible loss of data
     1>Functions.cpp(103): warning C4244: '=' : conversion from 'float' to 'int', possible loss of data
     1>Functions.cpp(105): warning C4244: '=' : conversion from 'float' to 'int', possible loss of data
     1>mainFunc.cpp(14): warning C4101: 'i' : unreferenced local variable
     1>mainFunc.cpp(13): warning C4101: 'joystickin' : unreferenced local variable
     1>Functions.cpp(481): warning C4996: 'scanf': This function or variable may be unsafe. Consider using scanf_s instead. To disable deprecation, use _CRT_SECURE_NO_WARNINGS. See online help for details.
                 c:\Program Files (x86)\Microsoft Visual Studio 10.0\VC\include\stdio.h(304) : see declaration of 'scanf'
     1>mainFunc.cpp(12): warning C4101: 'copter' : unreferenced local variable
     1>Functions.cpp(547): warning C4996: 'ctime': This function or variable may be unsafe. Consider using ctime_s instead. To disable deprecation, use _CRT_SECURE_NO_WARNINGS. See online help for details.
                 c:\Program Files (x86)\Microsoft Visual Studio 10.0\VC\include\time.inl(86) : see declaration of 'ctime'
     1>Functions.cpp(551): warning C4996: 'localtime': This function or variable may be unsafe. Consider using localtime_s instead. To disable deprecation, use _CRT_SECURE_NO_WARNINGS. See online help for details.
                 c:\Program Files (x86)\Microsoft Visual Studio 10.0\VC\include\time.inl(112) : see declaration of 'localtime'
     1>Functions.cpp(557): warning C4996: 'fopen': This function or variable may be unsafe. Consider using fopen_s instead. To disable deprecation, use _CRT_SECURE_NO_WARNINGS. See online help for details.
                 c:\Program Files (x86)\Microsoft Visual Studio 10.0\VC\include\stdio.h(234) : see declaration of 'fopen'
     1>Functions.cpp(683): warning C4552: '<' : operator has no effect; expected operator with side-effect
     1>ManFlight.cpp(45): warning C4996: 'scanf': This function or variable may be unsafe. Consider using scanf_s instead. To disable deprecation, use _CRT_SECURE_NO_WARNINGS. See online help for details.
                 c:\Program Files (x86)\Microsoft Visual Studio 10.0\VC\include\stdio.h(304) : see declaration of 'scanf'
         Quadrocopter.cpp
         rs232.cpp
     1>PIDFlight.cpp(47): warning C4996: 'scanf': This function or variable may be unsafe. Consider using scanf_s instead. To disable deprecation, use _CRT_SECURE_NO_WARNINGS. See online help for details.
                 c:\Program Files (x86)\Microsoft Visual Studio 10.0\VC\include\stdio.h(304) : see declaration of 'scanf'
     1>PIDFlight.cpp(188): warning C4244: 'argument' : conversion from 'double' to 'time_t', possible loss of data
     1>PIDFlight.cpp(188): warning C4244: 'argument' : conversion from 'double' to 'time_t', possible loss of data
     1>PIDFlight.cpp(344): warning C4129: '-' : unrecognized character escape sequence
     1>PIDFlight.cpp(344): warning C4129: '+' : unrecognized character escape sequence
     1>PIDFlight.cpp(344): warning C4129: '-' : unrecognized character escape sequence
     1>c:\users\chris gerth\documents\irobotics quadcopter svn\quadrocopter\quadrocopter\manflight.cpp(107): warning C4700: uninitialized local variable 'exitflag' used
         TestFunctions.cpp
     1>c:\users\chris gerth\documents\irobotics quadcopter svn\quadrocopter\quadrocopter\pidflight.cpp(220): warning C4700: uninitialized local variable 'XZTiltI' used
     1>c:\users\chris gerth\documents\irobotics quadcopter svn\quadrocopter\quadrocopter\pidflight.cpp(224): warning C4700: uninitialized local variable 'YZTiltI' used
     1>c:\users\chris gerth\documents\irobotics quadcopter svn\quadrocopter\quadrocopter\pidflight.cpp(235): warning C4700: uninitialized local variable 'YawI' used
     1>c:\users\chris gerth\documents\irobotics quadcopter svn\quadrocopter\quadrocopter\pidflight.cpp(253): warning C4700: uninitialized local variable 'currentAltitudeVelocity' used
     1>c:\users\chris gerth\documents\irobotics quadcopter svn\quadrocopter\quadrocopter\pidflight.cpp(254): warning C4700: uninitialized local variable 'currentAltitude' used
     1>c:\users\chris gerth\documents\irobotics quadcopter svn\quadrocopter\quadrocopter\pidflight.cpp(269): warning C4700: uninitialized local variable 'AltI' used
     1>c:\users\chris gerth\documents\irobotics quadcopter svn\quadrocopter\quadrocopter\pidflight.cpp(358): warning C4700: uninitialized local variable 'exitflag' used
     1>rs232.cpp(235): warning C4996: 'strcpy': This function or variable may be unsafe. Consider using strcpy_s instead. To disable deprecation, use _CRT_SECURE_NO_WARNINGS. See online help for details.
                 c:\Program Files (x86)\Microsoft Visual Studio 10.0\VC\include\string.h(105) : see declaration of 'strcpy'
     1>rs232.cpp(237): warning C4996: 'strcpy': This function or variable may be unsafe. Consider using strcpy_s instead. To disable deprecation, use _CRT_SECURE_NO_WARNINGS. See online help for details.
                 c:\Program Files (x86)\Microsoft Visual Studio 10.0\VC\include\string.h(105) : see declaration of 'strcpy'
     1>rs232.cpp(239): warning C4996: 'strcpy': This function or variable may be unsafe. Consider using strcpy_s instead. To disable deprecation, use _CRT_SECURE_NO_WARNINGS. See online help for details.
                 c:\Program Files (x86)\Microsoft Visual Studio 10.0\VC\include\string.h(105) : see declaration of 'strcpy'
     1>rs232.cpp(241): warning C4996: 'strcpy': This function or variable may be unsafe. Consider using strcpy_s instead. To disable deprecation, use _CRT_SECURE_NO_WARNINGS. See online help for details.
                 c:\Program Files (x86)\Microsoft Visual Studio 10.0\VC\include\string.h(105) : see declaration of 'strcpy'
     1>rs232.cpp(243): warning C4996: 'strcpy': This function or variable may be unsafe. Consider using strcpy_s instead. To disable deprecation, use _CRT_SECURE_NO_WARNINGS. See online help for details.
                 c:\Program Files (x86)\Microsoft Visual Studio 10.0\VC\include\string.h(105) : see declaration of 'strcpy'
     1>rs232.cpp(245): warning C4996: 'strcpy': This function or variable may be unsafe. Consider using strcpy_s instead. To disable deprecation, use _CRT_SECURE_NO_WARNINGS. See online help for details.
                 c:\Program Files (x86)\Microsoft Visual Studio 10.0\VC\include\string.h(105) : see declaration of 'strcpy'
     1>rs232.cpp(247): warning C4996: 'strcpy': This function or variable may be unsafe. Consider using strcpy_s instead. To disable deprecation, use _CRT_SECURE_NO_WARNINGS. See online help for details.
                 c:\Program Files (x86)\Microsoft Visual Studio 10.0\VC\include\string.h(105) : see declaration of 'strcpy'
     1>rs232.cpp(249): warning C4996: 'strcpy': This function or variable may be unsafe. Consider using strcpy_s instead. To disable deprecation, use _CRT_SECURE_NO_WARNINGS. See online help for details.
                 c:\Program Files (x86)\Microsoft Visual Studio 10.0\VC\include\string.h(105) : see declaration of 'strcpy'
     1>rs232.cpp(251): warning C4996: 'strcpy': This function or variable may be unsafe. Consider using strcpy_s instead. To disable deprecation, use _CRT_SECURE_NO_WARNINGS. See online help for details.
                 c:\Program Files (x86)\Microsoft Visual Studio 10.0\VC\include\string.h(105) : see declaration of 'strcpy'
     1>rs232.cpp(253): warning C4996: 'strcpy': This function or variable may be unsafe. Consider using strcpy_s instead. To disable deprecation, use _CRT_SECURE_NO_WARNINGS. See online help for details.
                 c:\Program Files (x86)\Microsoft Visual Studio 10.0\VC\include\string.h(105) : see declaration of 'strcpy'
     1>rs232.cpp(255): warning C4996: 'strcpy': This function or variable may be unsafe. Consider using strcpy_s instead. To disable deprecation, use _CRT_SECURE_NO_WARNINGS. See online help for details.
                 c:\Program Files (x86)\Microsoft Visual Studio 10.0\VC\include\string.h(105) : see declaration of 'strcpy'
     1>rs232.cpp(257): warning C4996: 'strcpy': This function or variable may be unsafe. Consider using strcpy_s instead. To disable deprecation, use _CRT_SECURE_NO_WARNINGS. See online help for details.
                 c:\Program Files (x86)\Microsoft Visual Studio 10.0\VC\include\string.h(105) : see declaration of 'strcpy'
     1>rs232.cpp(259): warning C4996: 'strcpy': This function or variable may be unsafe. Consider using strcpy_s instead. To disable deprecation, use _CRT_SECURE_NO_WARNINGS. See online help for details.
                 c:\Program Files (x86)\Microsoft Visual Studio 10.0\VC\include\string.h(105) : see declaration of 'strcpy'
     1>TestFunctions.cpp(55): warning C4996: 'scanf': This function or variable may be unsafe. Consider using scanf_s instead. To disable deprecation, use _CRT_SECURE_NO_WARNINGS. See online help for details.
                 c:\Program Files (x86)\Microsoft Visual Studio 10.0\VC\include\stdio.h(304) : see declaration of 'scanf'
     1>c:\users\chris gerth\documents\irobotics quadcopter svn\quadrocopter\quadrocopter\Form1.h(1856): warning C4996: 'freopen': This function or variable may be unsafe. Consider using freopen_s instead. To disable deprecation, use _CRT_SECURE_NO_WARNINGS. See online help for details.
                 c:\Program Files (x86)\Microsoft Visual Studio 10.0\VC\include\stdio.h(249) : see declaration of 'freopen'
     1>c:\users\chris gerth\documents\irobotics quadcopter svn\quadrocopter\quadrocopter\Form1.h(1999): warning C4996: 'scanf': This function or variable may be unsafe. Consider using scanf_s instead. To disable deprecation, use _CRT_SECURE_NO_WARNINGS. See online help for details.
                 c:\Program Files (x86)\Microsoft Visual Studio 10.0\VC\include\stdio.h(304) : see declaration of 'scanf'
     1>c:\users\chris gerth\documents\irobotics quadcopter svn\quadrocopter\quadrocopter\Form1.h(2017): warning C4996: 'scanf': This function or variable may be unsafe. Consider using scanf_s instead. To disable deprecation, use _CRT_SECURE_NO_WARNINGS. See online help for details.
                 c:\Program Files (x86)\Microsoft Visual Studio 10.0\VC\include\stdio.h(304) : see declaration of 'scanf'
     1>c:\users\chris gerth\documents\irobotics quadcopter svn\quadrocopter\quadrocopter\Form1.h(2025): warning C4996: 'scanf': This function or variable may be unsafe. Consider using scanf_s instead. To disable deprecation, use _CRT_SECURE_NO_WARNINGS. See online help for details.
                 c:\Program Files (x86)\Microsoft Visual Studio 10.0\VC\include\stdio.h(304) : see declaration of 'scanf'
     1>c:\users\chris gerth\documents\irobotics quadcopter svn\quadrocopter\quadrocopter\Form1.h(2033): warning C4996: 'scanf': This function or variable may be unsafe. Consider using scanf_s instead. To disable deprecation, use _CRT_SECURE_NO_WARNINGS. See online help for details.
                 c:\Program Files (x86)\Microsoft Visual Studio 10.0\VC\include\stdio.h(304) : see declaration of 'scanf'
     1>c:\users\chris gerth\documents\irobotics quadcopter svn\quadrocopter\quadrocopter\Form1.h(2058): warning C4996: 'scanf': This function or variable may be unsafe. Consider using scanf_s instead. To disable deprecation, use _CRT_SECURE_NO_WARNINGS. See online help for details.
                 c:\Program Files (x86)\Microsoft Visual Studio 10.0\VC\include\stdio.h(304) : see declaration of 'scanf'
     1>c:\users\chris gerth\documents\irobotics quadcopter svn\quadrocopter\quadrocopter\form1.h(1999): warning C4700: uninitialized local variable 'input' used
         c:\Program Files (x86)\Microsoft Visual Studio 10.0\VC\bin\x86_amd64\CL.exe /c /Zi /clr /nologo /W3 /WX- /MP /O2 /Ot /D WIN32 /D NDEBUG /D _UNICODE /D UNICODE /EHa /MD /GS /fp:fast /Zc:wchar_t /Zc:forScope /Fo"x64\Release\\" /Fd"x64\Release\vc100.pdb" /TP /errorReport:prompt "C:\Users\Chris Gerth\AppData\Local\Temp\.NETFramework,Version=v4.0.AssemblyAttributes.cpp"
         .NETFramework,Version=v4.0.AssemblyAttributes.cpp
       CoreResGen:
         "C:\Program Files (x86)\Microsoft SDKs\Windows\v7.0A\bin\NETFX 4.0 Tools\resgen.exe" /useSourcePath /r:"C:\Program Files (x86)\Reference Assemblies\Microsoft\Framework\.NETFramework\v4.0\System.Core.dll" /r:"C:\Program Files (x86)\Reference Assemblies\Microsoft\Framework\.NETFramework\v4.0\System.Data.dll" /r:"C:\Program Files (x86)\Reference Assemblies\Microsoft\Framework\.NETFramework\v4.0\System.dll" /r:"C:\Program Files (x86)\Reference Assemblies\Microsoft\Framework\.NETFramework\v4.0\System.Drawing.dll" /r:"C:\Program Files (x86)\Reference Assemblies\Microsoft\Framework\.NETFramework\v4.0\System.Windows.Forms.dll" /r:"C:\Program Files (x86)\Reference Assemblies\Microsoft\Framework\.NETFramework\v4.0\System.Xml.dll" /compile Form1.resX,x64\Release\Quadrocopter.Form1.resources
         Processing resource file "Form1.resX" into "x64\Release\Quadrocopter.Form1.resources".
       ResourceCompile:
         C:\Program Files (x86)\Microsoft SDKs\Windows\v7.0A\bin\rc.exe /D _UNICODE /D UNICODE /l"0x0409" /nologo /fo"x64\Release\app.res" app.rc 
       Link:
         c:\Program Files (x86)\Microsoft Visual Studio 10.0\VC\bin\x86_amd64\link.exe /ERRORREPORT:PROMPT /OUT:"C:\Users\Chris Gerth\Documents\iRobotics Quadcopter SVN\Quadrocopter\x64\Release\Quadrocopter.exe" /INCREMENTAL:NO /NOLOGO /ASSEMBLYRESOURCE:x64\Release\Quadrocopter.Form1.resources /MANIFEST /ManifestFile:"x64\Release\Quadrocopter.exe.intermediate.manifest" /MANIFESTUAC:"level='asInvoker' uiAccess='false'" /DEBUG /PDB:"C:\Users\Chris Gerth\Documents\iRobotics Quadcopter SVN\Quadrocopter\x64\Release\Quadrocopter.pdb" /SUBSYSTEM:WINDOWS /TLBID:1 /ENTRY:"main" /DYNAMICBASE /FIXED:NO /NXCOMPAT /MACHINE:X64 x64\Release\app.res
         x64\Release\AssemblyInfo.obj
         x64\Release\Functions.obj
         x64\Release\mainFunc.obj
         x64\Release\ManFlight.obj
         x64\Release\PIDFlight.obj
         x64\Release\Quadrocopter.obj
         x64\Release\rs232.obj
         x64\Release\stdafx.obj
         x64\Release\TestFunctions.obj
         "x64\Release\.NETFramework,Version=v4.0.AssemblyAttributes.obj"
         Quadrocopter.vcxproj -> C:\Users\Chris Gerth\Documents\iRobotics Quadcopter SVN\Quadrocopter\x64\Release\Quadrocopter.exe
       Manifest:
         C:\Program Files (x86)\Microsoft SDKs\Windows\v7.0A\bin\mt.exe /nologo /verbose /outputresource:"C:\Users\Chris Gerth\Documents\iRobotics Quadcopter SVN\Quadrocopter\x64\Release\Quadrocopter.exe;#1" /manifest x64\Release\Quadrocopter.exe.intermediate.manifest
       FinalizeBuildStatus:
         Deleting file "x64\Release\Quadrocopter.unsuccessfulbuild".
         Touching "x64\Release\Quadrocopter.lastbuildstate".
     1>Done Building Project "C:\Users\Chris Gerth\Documents\iRobotics Quadcopter SVN\Quadrocopter\Quadrocopter\Quadrocopter.vcxproj" (build target(s)).

Build succeeded.

Time Elapsed 00:00:15.52
